
> FoodGarden@0.0.0 dev
> vite


  VITE v6.3.5  ready in 923 ms

  ➜  Local:   http://localhost:5173/
  ➜  Network: use --host to expose
/*! 🌼 daisyUI 5.0.40 */
6:21:25 PM [vite] (client) page reload nohup.out
6:21:25 PM [vite] (client) page reload nohup.out
Files in the public directory are served at the root path.
Instead of /public/icon.png, use /icon.png.
6:21:27 PM [vite] (client) page reload nohup.out
Files in the public directory are served at the root path.
Instead of /public/icon.png, use /icon.png.
6:21:28 PM [vite] (client) page reload nohup.out
Files in the public directory are served at the root path.
Instead of /public/icon.png, use /icon.png.
6:21:28 PM [vite] (client) page reload nohup.out
Files in the public directory are served at the root path.
Instead of /public/icon.png, use /icon.png.
6:21:29 PM [vite] (client) page reload nohup.out
Files in the public directory are served at the root path.
Instead of /public/icon.png, use /icon.png.
6:21:30 PM [vite] (client) page reload nohup.out
Files in the public directory are served at the root path.
Instead of /public/icon.png, use /icon.png.
6:21:31 PM [vite] (client) page reload nohup.out
Files in the public directory are served at the root path.
Instead of /public/icon.png, use /icon.png.
6:21:32 PM [vite] (client) page reload nohup.out
Files in the public directory are served at the root path.
Instead of /public/icon.png, use /icon.png.
6:21:33 PM [vite] (client) page reload nohup.out
Files in the public directory are served at the root path.
Instead of /public/icon.png, use /icon.png.
6:21:34 PM [vite] (client) page reload nohup.out
Files in the public directory are served at the root path.
Instead of /public/icon.png, use /icon.png.
6:21:34 PM [vite] (client) page reload nohup.out
Files in the public directory are served at the root path.
Instead of /public/icon.png, use /icon.png.
6:21:35 PM [vite] (client) page reload nohup.out
Files in the public directory are served at the root path.
Instead of /public/icon.png, use /icon.png.
6:21:37 PM [vite] (client) page reload nohup.out
Files in the public directory are served at the root path.
Instead of /public/icon.png, use /icon.png.
6:21:37 PM [vite] (client) page reload nohup.out
